Performing C SOURCE FILE Test CMAKE_HAVE_LIBC_PTHREAD failed with the following output:
Change Dir: /home/wqruan/test_resmlp/EzPC/Athos/shufflenetV2/CMakeFiles/CMakeTmp

Run Build Command(s):/usr/bin/make -f Makefile cmTC_eb160/fast && /usr/bin/make  -f CMakeFiles/cmTC_eb160.dir/build.make CMakeFiles/cmTC_eb160.dir/build
make[1]: Entering directory '/home/wqruan/test_resmlp/EzPC/Athos/shufflenetV2/CMakeFiles/CMakeTmp'
Building C object CMakeFiles/cmTC_eb160.dir/src.c.o
/usr/bin/cc -DCMAKE_HAVE_LIBC_PTHREAD  -mrdseed  -o CMakeFiles/cmTC_eb160.dir/src.c.o -c /home/wqruan/test_resmlp/EzPC/Athos/shufflenetV2/CMakeFiles/CMakeTmp/src.c
Linking C executable cmTC_eb160
/usr/local/bin/cmake -E cmake_link_script CMakeFiles/cmTC_eb160.dir/link.txt --verbose=1
/usr/bin/cc -mrdseed  -rdynamic CMakeFiles/cmTC_eb160.dir/src.c.o -o cmTC_eb160 
/usr/bin/ld: CMakeFiles/cmTC_eb160.dir/src.c.o: in function `main':
src.c:(.text+0x46): undefined reference to `pthread_create'
/usr/bin/ld: src.c:(.text+0x52): undefined reference to `pthread_detach'
/usr/bin/ld: src.c:(.text+0x5e): undefined reference to `pthread_cancel'
/usr/bin/ld: src.c:(.text+0x6f): undefined reference to `pthread_join'
collect2: error: ld returned 1 exit status
make[1]: *** [CMakeFiles/cmTC_eb160.dir/build.make:99: cmTC_eb160] Error 1
make[1]: Leaving directory '/home/wqruan/test_resmlp/EzPC/Athos/shufflenetV2/CMakeFiles/CMakeTmp'
make: *** [Makefile:127: cmTC_eb160/fast] Error 2


Source file was:
#include <pthread.h>

static void* test_func(void* data)
{
  return data;
}

int main(void)
{
  pthread_t thread;
  pthread_create(&thread, NULL, test_func, NULL);
  pthread_detach(thread);
  pthread_cancel(thread);
  pthread_join(thread, NULL);
  pthread_atfork(NULL, NULL, NULL);
  pthread_exit(NULL);

  return 0;
}

Determining if the function pthread_create exists in the pthreads failed with the following output:
Change Dir: /home/wqruan/test_resmlp/EzPC/Athos/shufflenetV2/CMakeFiles/CMakeTmp

Run Build Command(s):/usr/bin/make -f Makefile cmTC_c0f0e/fast && /usr/bin/make  -f CMakeFiles/cmTC_c0f0e.dir/build.make CMakeFiles/cmTC_c0f0e.dir/build
make[1]: Entering directory '/home/wqruan/test_resmlp/EzPC/Athos/shufflenetV2/CMakeFiles/CMakeTmp'
Building C object CMakeFiles/cmTC_c0f0e.dir/CheckFunctionExists.c.o
/usr/bin/cc   -mrdseed -DCHECK_FUNCTION_EXISTS=pthread_create -o CMakeFiles/cmTC_c0f0e.dir/CheckFunctionExists.c.o -c /usr/local/share/cmake-3.23/Modules/CheckFunctionExists.c
Linking C executable cmTC_c0f0e
/usr/local/bin/cmake -E cmake_link_script CMakeFiles/cmTC_c0f0e.dir/link.txt --verbose=1
/usr/bin/cc -mrdseed -DCHECK_FUNCTION_EXISTS=pthread_create -rdynamic CMakeFiles/cmTC_c0f0e.dir/CheckFunctionExists.c.o -o cmTC_c0f0e  -lpthreads 
/usr/bin/ld: cannot find -lpthreads
collect2: error: ld returned 1 exit status
make[1]: *** [CMakeFiles/cmTC_c0f0e.dir/build.make:99: cmTC_c0f0e] Error 1
make[1]: Leaving directory '/home/wqruan/test_resmlp/EzPC/Athos/shufflenetV2/CMakeFiles/CMakeTmp'
make: *** [Makefile:127: cmTC_c0f0e/fast] Error 2



